<?xml version="1.0" encoding="UTF-8"?>
<!-- Generated by org.testng.reporters.JUnitReportReporter -->
<testsuite name="swagitnewagain.swagitagain.AppTest" tests="1" time="12.654" ignored="0" failures="0" timestamp="24 Mar 2017 04:57:32 GMT" skipped="0" hostname="KVK-PC" errors="0">
  <testcase name="swatrial" time="12.654" classname="swagitnewagain.swagitagain.AppTest"/>
</testsuite> <!-- swagitnewagain.swagitagain.AppTest -->
