<?xml version="1.0" encoding="UTF-8"?>
<!-- Generated by org.testng.reporters.JUnitReportReporter -->
<testsuite hostname="KVK-PC" name="swagitnewagain.swagitagain.AppTest" tests="1" failures="0" timestamp="24 Mar 2017 17:38:29 GMT" time="42.158" errors="0">
  <testcase name="swatrial" time="42.158" classname="swagitnewagain.swagitagain.AppTest"/>
</testsuite> <!-- swagitnewagain.swagitagain.AppTest -->
