<?xml version="1.0" encoding="UTF-8"?>
<!-- Generated by org.testng.reporters.JUnitReportReporter -->
<testsuite hostname="KVK-PC" name="swagitnewagain.swagitagain.AppTest" tests="1" failures="0" timestamp="24 Mar 2017 06:38:09 GMT" time="21.300" errors="0">
  <testcase name="swatrial" time="21.300" classname="swagitnewagain.swagitagain.AppTest"/>
</testsuite> <!-- swagitnewagain.swagitagain.AppTest -->
